{
  "stats": {
    "suites": 14,
    "tests": 20,
    "passes": 20,
    "pending": 0,
    "failures": 0,
    "start": "2024-05-04T06:37:42.626Z",
    "end": "2024-05-04T06:37:45.090Z",
    "duration": 2464,
    "testsRegistered": 20,
    "passPercent": 100,
    "pendingPercent": 0,
    "other": 0,
    "hasOther": false,
    "skipped": 0,
    "hasSkipped": false
  },
  "results": [
    {
      "uuid": "34ef1199-b53a-4929-a260-f57904df39cf",
      "title": "",
      "fullFile": "",
      "file": "",
      "beforeHooks": [],
      "afterHooks": [],
      "tests": [],
      "suites": [
        {
          "uuid": "7e9716f1-c204-44ee-881a-55d504a3ebb2",
          "title": "Category Feature",
          "fullFile": "C:\\Come_Along_With_me\\course\\SanberCode\\TugasPekanan4-apiautomation\\kasiraja-automation\\test-suites\\category.js",
          "file": "\\test-suites\\category.js",
          "beforeHooks": [],
          "afterHooks": [],
          "tests": [],
          "suites": [
            {
              "uuid": "21eb8c1e-78fe-4b8a-8613-0c74c240df60",
              "title": "Get Token",
              "fullFile": "C:\\Come_Along_With_me\\course\\SanberCode\\TugasPekanan4-apiautomation\\kasiraja-automation\\test-suites\\category.js",
              "file": "\\test-suites\\category.js",
              "beforeHooks": [],
              "afterHooks": [],
              "tests": [
                {
                  "title": "Success Get Token",
                  "fullTitle": "Category Feature Get Token Success Get Token",
                  "timedOut": false,
                  "duration": 705,
                  "state": "passed",
                  "speed": "slow",
                  "pass": true,
                  "fail": false,
                  "pending": false,
                  "context": null,
                  "code": "const response = await request\n  .post('/authentications')\n  .send(auth.loginSuccess);\ntoken = response.body.data.accessToken;",
                  "err": {},
                  "uuid": "fd045544-0e7d-4bfb-b099-1475fe2d6174",
                  "parentUUID": "21eb8c1e-78fe-4b8a-8613-0c74c240df60",
                  "isHook": false,
                  "skipped": false
                }
              ],
              "suites": [],
              "passes": [
                "fd045544-0e7d-4bfb-b099-1475fe2d6174"
              ],
              "failures": [],
              "pending": [],
              "skipped": [],
              "duration": 705,
              "root": false,
              "rootEmpty": false,
              "_timeout": 2000
            },
            {
              "uuid": "7954305a-24a3-4fbf-8d46-f9422808f84d",
              "title": "Create Category",
              "fullFile": "C:\\Come_Along_With_me\\course\\SanberCode\\TugasPekanan4-apiautomation\\kasiraja-automation\\test-suites\\category.js",
              "file": "\\test-suites\\category.js",
              "beforeHooks": [],
              "afterHooks": [],
              "tests": [
                {
                  "title": "Success create a new category",
                  "fullTitle": "Category Feature Create Category Success create a new category",
                  "timedOut": false,
                  "duration": 68,
                  "state": "passed",
                  "speed": "medium",
                  "pass": true,
                  "fail": false,
                  "pending": false,
                  "context": null,
                  "code": "const response = request\n  .post('/categories')\n  .send(category.createSuccess)\n  .set('Authorization', `Bearer ${token}`);\nuserId = (await response).body.data.categoryId;\nexpect((await response).status).to.equal(201);\nexpect((await response).body.status).to.equal('success');\nexpect((await response).body.message).to.equal(\n  'Category berhasil ditambahkan'\n);\nexpect((await response).body.data.name).to.equal('makanan ringan');",
                  "err": {},
                  "uuid": "50d9a2ad-4b88-4a3e-88c4-7758088b871c",
                  "parentUUID": "7954305a-24a3-4fbf-8d46-f9422808f84d",
                  "isHook": false,
                  "skipped": false
                },
                {
                  "title": "Failed create a new category",
                  "fullTitle": "Category Feature Create Category Failed create a new category",
                  "timedOut": false,
                  "duration": 75,
                  "state": "passed",
                  "speed": "medium",
                  "pass": true,
                  "fail": false,
                  "pending": false,
                  "context": null,
                  "code": "const response = request\n  .post('/categories')\n  .send(category.createFailed)\n  .set('Authorization', `Bearer ${token}`);\nexpect((await response).status).to.equal(400);\nexpect((await response).body.status).to.equal('fail');",
                  "err": {},
                  "uuid": "1c38dc01-0da9-402d-b0ff-9790790abf90",
                  "parentUUID": "7954305a-24a3-4fbf-8d46-f9422808f84d",
                  "isHook": false,
                  "skipped": false
                }
              ],
              "suites": [],
              "passes": [
                "50d9a2ad-4b88-4a3e-88c4-7758088b871c",
                "1c38dc01-0da9-402d-b0ff-9790790abf90"
              ],
              "failures": [],
              "pending": [],
              "skipped": [],
              "duration": 143,
              "root": false,
              "rootEmpty": false,
              "_timeout": 2000
            },
            {
              "uuid": "40b1415f-2d48-486a-b2d4-69b01484900e",
              "title": "Get Category List",
              "fullFile": "C:\\Come_Along_With_me\\course\\SanberCode\\TugasPekanan4-apiautomation\\kasiraja-automation\\test-suites\\category.js",
              "file": "\\test-suites\\category.js",
              "beforeHooks": [],
              "afterHooks": [],
              "tests": [
                {
                  "title": "Success Get Category List",
                  "fullTitle": "Category Feature Get Category List Success Get Category List",
                  "timedOut": false,
                  "duration": 97,
                  "state": "passed",
                  "speed": "slow",
                  "pass": true,
                  "fail": false,
                  "pending": false,
                  "context": null,
                  "code": "const response = await request\n  .get(`/categories/${userId}`)\n  .set('Authorization', `Bearer ${token}`);\nexpect(response.status).to.equal(200);\nexpect(response.body.status).to.equal('success');",
                  "err": {},
                  "uuid": "4c221c25-af11-4b97-a0a8-0644b5fe6ee2",
                  "parentUUID": "40b1415f-2d48-486a-b2d4-69b01484900e",
                  "isHook": false,
                  "skipped": false
                }
              ],
              "suites": [],
              "passes": [
                "4c221c25-af11-4b97-a0a8-0644b5fe6ee2"
              ],
              "failures": [],
              "pending": [],
              "skipped": [],
              "duration": 97,
              "root": false,
              "rootEmpty": false,
              "_timeout": 2000
            },
            {
              "uuid": "5d87e2a5-53e7-4532-8f99-066be13b82fa",
              "title": "Get Category Detail",
              "fullFile": "C:\\Come_Along_With_me\\course\\SanberCode\\TugasPekanan4-apiautomation\\kasiraja-automation\\test-suites\\category.js",
              "file": "\\test-suites\\category.js",
              "beforeHooks": [],
              "afterHooks": [],
              "tests": [
                {
                  "title": "Success Get Category Detail",
                  "fullTitle": "Category Feature Get Category Detail Success Get Category Detail",
                  "timedOut": false,
                  "duration": 89,
                  "state": "passed",
                  "speed": "slow",
                  "pass": true,
                  "fail": false,
                  "pending": false,
                  "context": null,
                  "code": "const response = await request\n  .get(`/categories/${userId}`)\n  .set('Authorization', `Bearer ${token}`);\nexpect(response.status).to.equal(200);\nexpect(response.body.status).to.equal('success');\nexpect(response.body.data.category.name).to.equal('makanan ringan');\nexpect(response.body.data.category.description).to.equal(\n  'makanan ringan dari indofood'\n);",
                  "err": {},
                  "uuid": "7c3bed66-dbcc-4ae7-be81-7815fcbffdbf",
                  "parentUUID": "5d87e2a5-53e7-4532-8f99-066be13b82fa",
                  "isHook": false,
                  "skipped": false
                },
                {
                  "title": "Failed Get User Detail",
                  "fullTitle": "Category Feature Get Category Detail Failed Get User Detail",
                  "timedOut": false,
                  "duration": 73,
                  "state": "passed",
                  "speed": "medium",
                  "pass": true,
                  "fail": false,
                  "pending": false,
                  "context": null,
                  "code": "const response = await request\n  .get(`/categories/${userId + '123'}`)\n  .set('Authorization', `Bearer ${token}`);\nexpect(response.status).to.equal(404);\nexpect(response.body.message).to.equal('id tidak valid');",
                  "err": {},
                  "uuid": "7f870446-df36-49d8-804f-70040947c8c8",
                  "parentUUID": "5d87e2a5-53e7-4532-8f99-066be13b82fa",
                  "isHook": false,
                  "skipped": false
                }
              ],
              "suites": [],
              "passes": [
                "7c3bed66-dbcc-4ae7-be81-7815fcbffdbf",
                "7f870446-df36-49d8-804f-70040947c8c8"
              ],
              "failures": [],
              "pending": [],
              "skipped": [],
              "duration": 162,
              "root": false,
              "rootEmpty": false,
              "_timeout": 2000
            },
            {
              "uuid": "9a4b010f-c557-4768-9888-6121c6b619a2",
              "title": "Update Category Detail",
              "fullFile": "C:\\Come_Along_With_me\\course\\SanberCode\\TugasPekanan4-apiautomation\\kasiraja-automation\\test-suites\\category.js",
              "file": "\\test-suites\\category.js",
              "beforeHooks": [],
              "afterHooks": [],
              "tests": [
                {
                  "title": "Success Update Category Detail",
                  "fullTitle": "Category Feature Update Category Detail Success Update Category Detail",
                  "timedOut": false,
                  "duration": 67,
                  "state": "passed",
                  "speed": "medium",
                  "pass": true,
                  "fail": false,
                  "pending": false,
                  "context": null,
                  "code": "const response = await request\n  .put(`/categories/${userId}`)\n  .send(category.updateSuccess)\n  .set('Authorization', `Bearer ${token}`);\nexpect(response.status).to.equal(200);\nexpect(response.body.status).to.equal('success');\nexpect(response.body.data.name).to.equal('makring');",
                  "err": {},
                  "uuid": "392fa877-c7f4-444a-82cb-fbacfc13bd5e",
                  "parentUUID": "9a4b010f-c557-4768-9888-6121c6b619a2",
                  "isHook": false,
                  "skipped": false
                },
                {
                  "title": "Failed Update Category Detail",
                  "fullTitle": "Category Feature Update Category Detail Failed Update Category Detail",
                  "timedOut": false,
                  "duration": 67,
                  "state": "passed",
                  "speed": "medium",
                  "pass": true,
                  "fail": false,
                  "pending": false,
                  "context": null,
                  "code": "const response = await request\n  .put(`/categories/${userId}`)\n  .send(category.updateFailed)\n  .set('Authorization', `Bearer ${token}`);\nexpect(response.status).to.equal(400);\nexpect(response.body.message).to.equal(\n  '\"name\" is not allowed to be empty'\n);",
                  "err": {},
                  "uuid": "85e81848-8d60-4a75-b369-4ce5a3e443ba",
                  "parentUUID": "9a4b010f-c557-4768-9888-6121c6b619a2",
                  "isHook": false,
                  "skipped": false
                }
              ],
              "suites": [],
              "passes": [
                "392fa877-c7f4-444a-82cb-fbacfc13bd5e",
                "85e81848-8d60-4a75-b369-4ce5a3e443ba"
              ],
              "failures": [],
              "pending": [],
              "skipped": [],
              "duration": 134,
              "root": false,
              "rootEmpty": false,
              "_timeout": 2000
            },
            {
              "uuid": "b7675937-ba7c-44fa-a7a4-0c71102db04e",
              "title": "Delete Category",
              "fullFile": "C:\\Come_Along_With_me\\course\\SanberCode\\TugasPekanan4-apiautomation\\kasiraja-automation\\test-suites\\category.js",
              "file": "\\test-suites\\category.js",
              "beforeHooks": [],
              "afterHooks": [],
              "tests": [
                {
                  "title": "Success Delete Category",
                  "fullTitle": "Category Feature Delete Category Success Delete Category",
                  "timedOut": false,
                  "duration": 67,
                  "state": "passed",
                  "speed": "medium",
                  "pass": true,
                  "fail": false,
                  "pending": false,
                  "context": null,
                  "code": "const response = await request\n  .delete(`/categories/${userId}`)\n  .set('Authorization', `Bearer ${token}`);\nexpect(response.status).to.equal(200);\nexpect(response.body.status).to.equal('success');",
                  "err": {},
                  "uuid": "d24e9004-48bd-484b-b9de-795f9ed5d5c9",
                  "parentUUID": "b7675937-ba7c-44fa-a7a4-0c71102db04e",
                  "isHook": false,
                  "skipped": false
                },
                {
                  "title": "Failed Delete Category",
                  "fullTitle": "Category Feature Delete Category Failed Delete Category",
                  "timedOut": false,
                  "duration": 69,
                  "state": "passed",
                  "speed": "medium",
                  "pass": true,
                  "fail": false,
                  "pending": false,
                  "context": null,
                  "code": "const response = await request\n  .delete(`/categories/${userId + '123'}`)\n  .set('Authorization', `Bearer ${token}`);\nexpect(response.status).to.equal(404);",
                  "err": {},
                  "uuid": "1278d778-f709-4a71-81a3-300ba70004de",
                  "parentUUID": "b7675937-ba7c-44fa-a7a4-0c71102db04e",
                  "isHook": false,
                  "skipped": false
                }
              ],
              "suites": [],
              "passes": [
                "d24e9004-48bd-484b-b9de-795f9ed5d5c9",
                "1278d778-f709-4a71-81a3-300ba70004de"
              ],
              "failures": [],
              "pending": [],
              "skipped": [],
              "duration": 136,
              "root": false,
              "rootEmpty": false,
              "_timeout": 2000
            }
          ],
          "passes": [],
          "failures": [],
          "pending": [],
          "skipped": [],
          "duration": 0,
          "root": false,
          "rootEmpty": false,
          "_timeout": 2000
        },
        {
          "uuid": "360e93c0-d018-4fd3-8a45-1dcf7bd8a69c",
          "title": "Customer Feature",
          "fullFile": "C:\\Come_Along_With_me\\course\\SanberCode\\TugasPekanan4-apiautomation\\kasiraja-automation\\test-suites\\customer.js",
          "file": "\\test-suites\\customer.js",
          "beforeHooks": [],
          "afterHooks": [],
          "tests": [],
          "suites": [
            {
              "uuid": "0b936889-f7ab-481b-84ae-f16ec1192258",
              "title": "Get Token",
              "fullFile": "C:\\Come_Along_With_me\\course\\SanberCode\\TugasPekanan4-apiautomation\\kasiraja-automation\\test-suites\\customer.js",
              "file": "\\test-suites\\customer.js",
              "beforeHooks": [],
              "afterHooks": [],
              "tests": [
                {
                  "title": "Success Get Token",
                  "fullTitle": "Customer Feature Get Token Success Get Token",
                  "timedOut": false,
                  "duration": 436,
                  "state": "passed",
                  "speed": "slow",
                  "pass": true,
                  "fail": false,
                  "pending": false,
                  "context": null,
                  "code": "const response = await request(config.baseUrl)\n    .post('/authentications')\n    .send(auth.loginSuccess);\ntoken = response.body.data.accessToken;",
                  "err": {},
                  "uuid": "8058e13a-3eec-4b79-877f-94c16481eab2",
                  "parentUUID": "0b936889-f7ab-481b-84ae-f16ec1192258",
                  "isHook": false,
                  "skipped": false
                }
              ],
              "suites": [],
              "passes": [
                "8058e13a-3eec-4b79-877f-94c16481eab2"
              ],
              "failures": [],
              "pending": [],
              "skipped": [],
              "duration": 436,
              "root": false,
              "rootEmpty": false,
              "_timeout": 2000
            },
            {
              "uuid": "48548640-d283-4756-9052-6419a7bea5ad",
              "title": "Create Customer",
              "fullFile": "C:\\Come_Along_With_me\\course\\SanberCode\\TugasPekanan4-apiautomation\\kasiraja-automation\\test-suites\\customer.js",
              "file": "\\test-suites\\customer.js",
              "beforeHooks": [],
              "afterHooks": [],
              "tests": [
                {
                  "title": "Success create a new customer",
                  "fullTitle": "Customer Feature Create Customer Success create a new customer",
                  "timedOut": false,
                  "duration": 66,
                  "state": "passed",
                  "speed": "medium",
                  "pass": true,
                  "fail": false,
                  "pending": false,
                  "context": null,
                  "code": "const response = request(config.baseUrl)\n    .post('/customers')\n    .send(customer.createSuccess)\n    .set('Authorization', `Bearer ${token}`);\nuserId = (await response).body.data.customerId;\nexpect((await response).status).to.equal(201);\nexpect((await response).body.status).to.equal('success');\nexpect((await response).body.message).to.equal(\n    'Customer berhasil ditambahkan'\n);",
                  "err": {},
                  "uuid": "2a2f9feb-9800-41f4-9e19-951f68053bc9",
                  "parentUUID": "48548640-d283-4756-9052-6419a7bea5ad",
                  "isHook": false,
                  "skipped": false
                },
                {
                  "title": "Failed create a new customer",
                  "fullTitle": "Customer Feature Create Customer Failed create a new customer",
                  "timedOut": false,
                  "duration": 69,
                  "state": "passed",
                  "speed": "medium",
                  "pass": true,
                  "fail": false,
                  "pending": false,
                  "context": null,
                  "code": "const response = request(config.baseUrl)\n    .post('/customers')\n    .send(customer.createFailed)\n    .set('Authorization', `Bearer ${token}`);\nexpect((await response).status).to.equal(400);\nexpect((await response).body.status).to.equal('fail');",
                  "err": {},
                  "uuid": "ac4c4d3f-533b-4c53-85ec-2746ac61992c",
                  "parentUUID": "48548640-d283-4756-9052-6419a7bea5ad",
                  "isHook": false,
                  "skipped": false
                }
              ],
              "suites": [],
              "passes": [
                "2a2f9feb-9800-41f4-9e19-951f68053bc9",
                "ac4c4d3f-533b-4c53-85ec-2746ac61992c"
              ],
              "failures": [],
              "pending": [],
              "skipped": [],
              "duration": 135,
              "root": false,
              "rootEmpty": false,
              "_timeout": 2000
            },
            {
              "uuid": "5885e613-6b6a-4d10-b4e8-ac9e1b74ed9b",
              "title": "Get Customer List",
              "fullFile": "C:\\Come_Along_With_me\\course\\SanberCode\\TugasPekanan4-apiautomation\\kasiraja-automation\\test-suites\\customer.js",
              "file": "\\test-suites\\customer.js",
              "beforeHooks": [],
              "afterHooks": [],
              "tests": [
                {
                  "title": "Success Get Customer List",
                  "fullTitle": "Customer Feature Get Customer List Success Get Customer List",
                  "timedOut": false,
                  "duration": 68,
                  "state": "passed",
                  "speed": "medium",
                  "pass": true,
                  "fail": false,
                  "pending": false,
                  "context": null,
                  "code": "const response = await request(config.baseUrl)\n    .get(`/customers/${userId}`)\n    .set('Authorization', `Bearer ${token}`);\nexpect(response.status).to.equal(200);\nexpect(response.body.status).to.equal('success');",
                  "err": {},
                  "uuid": "36007831-6958-4261-8a76-e56cd8c836f1",
                  "parentUUID": "5885e613-6b6a-4d10-b4e8-ac9e1b74ed9b",
                  "isHook": false,
                  "skipped": false
                }
              ],
              "suites": [],
              "passes": [
                "36007831-6958-4261-8a76-e56cd8c836f1"
              ],
              "failures": [],
              "pending": [],
              "skipped": [],
              "duration": 68,
              "root": false,
              "rootEmpty": false,
              "_timeout": 2000
            },
            {
              "uuid": "5918f634-9983-4378-af40-e1767f28b91c",
              "title": "Get Customer Detail",
              "fullFile": "C:\\Come_Along_With_me\\course\\SanberCode\\TugasPekanan4-apiautomation\\kasiraja-automation\\test-suites\\customer.js",
              "file": "\\test-suites\\customer.js",
              "beforeHooks": [],
              "afterHooks": [],
              "tests": [
                {
                  "title": "Success Get Customer Detail",
                  "fullTitle": "Customer Feature Get Customer Detail Success Get Customer Detail",
                  "timedOut": false,
                  "duration": 67,
                  "state": "passed",
                  "speed": "medium",
                  "pass": true,
                  "fail": false,
                  "pending": false,
                  "context": null,
                  "code": "const response = await request(config.baseUrl)\n    .get(`/customers/${userId}`)\n    .set('Authorization', `Bearer ${token}`);\nexpect(response.status).to.equal(200);\nexpect(response.body.status).to.equal('success');\nexpect(response.body.data.customer.phone).to.equal('081234567890');",
                  "err": {},
                  "uuid": "403d1cfd-5379-4219-a4cf-49c1005b6c41",
                  "parentUUID": "5918f634-9983-4378-af40-e1767f28b91c",
                  "isHook": false,
                  "skipped": false
                },
                {
                  "title": "Failed Get User Detail",
                  "fullTitle": "Customer Feature Get Customer Detail Failed Get User Detail",
                  "timedOut": false,
                  "duration": 71,
                  "state": "passed",
                  "speed": "medium",
                  "pass": true,
                  "fail": false,
                  "pending": false,
                  "context": null,
                  "code": "const response = await request(config.baseUrl)\n    .get(`/customers/${userId + '123'}`)\n    .set('Authorization', `Bearer ${token}`);\nexpect(response.status).to.equal(404);\nexpect(response.body.message).to.equal('id tidak valid');",
                  "err": {},
                  "uuid": "d115fbc7-39c6-4c1f-afb8-bf249fa09a13",
                  "parentUUID": "5918f634-9983-4378-af40-e1767f28b91c",
                  "isHook": false,
                  "skipped": false
                }
              ],
              "suites": [],
              "passes": [
                "403d1cfd-5379-4219-a4cf-49c1005b6c41",
                "d115fbc7-39c6-4c1f-afb8-bf249fa09a13"
              ],
              "failures": [],
              "pending": [],
              "skipped": [],
              "duration": 138,
              "root": false,
              "rootEmpty": false,
              "_timeout": 2000
            },
            {
              "uuid": "655969b8-d2ad-463e-b19b-5a42cfaacf2e",
              "title": "Update Customer Detail",
              "fullFile": "C:\\Come_Along_With_me\\course\\SanberCode\\TugasPekanan4-apiautomation\\kasiraja-automation\\test-suites\\customer.js",
              "file": "\\test-suites\\customer.js",
              "beforeHooks": [],
              "afterHooks": [],
              "tests": [
                {
                  "title": "Success Update Customer Detail",
                  "fullTitle": "Customer Feature Update Customer Detail Success Update Customer Detail",
                  "timedOut": false,
                  "duration": 65,
                  "state": "passed",
                  "speed": "medium",
                  "pass": true,
                  "fail": false,
                  "pending": false,
                  "context": null,
                  "code": "const response = await request(config.baseUrl)\n    .put(`/customers/${userId}`)\n    .send(customer.updateSuccess)\n    .set('Authorization', `Bearer ${token}`);\nexpect(response.status).to.equal(200);\nexpect(response.body.status).to.equal('success');",
                  "err": {},
                  "uuid": "2f858e65-d443-4913-b5c8-dfd4a018b43c",
                  "parentUUID": "655969b8-d2ad-463e-b19b-5a42cfaacf2e",
                  "isHook": false,
                  "skipped": false
                },
                {
                  "title": "Failed Update Customer Detail",
                  "fullTitle": "Customer Feature Update Customer Detail Failed Update Customer Detail",
                  "timedOut": false,
                  "duration": 65,
                  "state": "passed",
                  "speed": "medium",
                  "pass": true,
                  "fail": false,
                  "pending": false,
                  "context": null,
                  "code": "const response = await request(config.baseUrl)\n    .put(`/customers/${userId}`)\n    .send(customer.updateFailed)\n    .set('Authorization', `Bearer ${token}`);\nexpect(response.status).to.equal(400);\nexpect(response.body.message).to.equal(\n    '\"name\" is not allowed to be empty'\n);",
                  "err": {},
                  "uuid": "2cada877-06f8-4c0f-8420-c0c25cd2f92e",
                  "parentUUID": "655969b8-d2ad-463e-b19b-5a42cfaacf2e",
                  "isHook": false,
                  "skipped": false
                }
              ],
              "suites": [],
              "passes": [
                "2f858e65-d443-4913-b5c8-dfd4a018b43c",
                "2cada877-06f8-4c0f-8420-c0c25cd2f92e"
              ],
              "failures": [],
              "pending": [],
              "skipped": [],
              "duration": 130,
              "root": false,
              "rootEmpty": false,
              "_timeout": 2000
            },
            {
              "uuid": "21b646c2-f014-49ab-b667-971eee9901d8",
              "title": "Delete Customer",
              "fullFile": "C:\\Come_Along_With_me\\course\\SanberCode\\TugasPekanan4-apiautomation\\kasiraja-automation\\test-suites\\customer.js",
              "file": "\\test-suites\\customer.js",
              "beforeHooks": [],
              "afterHooks": [],
              "tests": [
                {
                  "title": "Success Delete Customer",
                  "fullTitle": "Customer Feature Delete Customer Success Delete Customer",
                  "timedOut": false,
                  "duration": 74,
                  "state": "passed",
                  "speed": "medium",
                  "pass": true,
                  "fail": false,
                  "pending": false,
                  "context": null,
                  "code": "const response = await request(config.baseUrl)\n    .delete(`/customers/${userId}`)\n    .set('Authorization', `Bearer ${token}`);\nexpect(response.status).to.equal(200);\nexpect(response.body.status).to.equal('success');",
                  "err": {},
                  "uuid": "672652b0-0fb6-40dc-9d66-04b6a3617c19",
                  "parentUUID": "21b646c2-f014-49ab-b667-971eee9901d8",
                  "isHook": false,
                  "skipped": false
                },
                {
                  "title": "Failed Delete Customer",
                  "fullTitle": "Customer Feature Delete Customer Failed Delete Customer",
                  "timedOut": false,
                  "duration": 75,
                  "state": "passed",
                  "speed": "medium",
                  "pass": true,
                  "fail": false,
                  "pending": false,
                  "context": null,
                  "code": "const response = await request(config.baseUrl)\n    .delete(`/customers/${userId + '123'}`)\n    .set('Authorization', `Bearer ${token}`);\nexpect(response.status).to.equal(404);",
                  "err": {},
                  "uuid": "12ab35d0-3240-408b-9f29-0f881aa7a7a2",
                  "parentUUID": "21b646c2-f014-49ab-b667-971eee9901d8",
                  "isHook": false,
                  "skipped": false
                }
              ],
              "suites": [],
              "passes": [
                "672652b0-0fb6-40dc-9d66-04b6a3617c19",
                "12ab35d0-3240-408b-9f29-0f881aa7a7a2"
              ],
              "failures": [],
              "pending": [],
              "skipped": [],
              "duration": 149,
              "root": false,
              "rootEmpty": false,
              "_timeout": 2000
            }
          ],
          "passes": [],
          "failures": [],
          "pending": [],
          "skipped": [],
          "duration": 0,
          "root": false,
          "rootEmpty": false,
          "_timeout": 2000
        }
      ],
      "passes": [],
      "failures": [],
      "pending": [],
      "skipped": [],
      "duration": 0,
      "root": true,
      "rootEmpty": true,
      "_timeout": 2000
    }
  ],
  "meta": {
    "mocha": {
      "version": "10.4.0"
    },
    "mochawesome": {
      "options": {
        "quiet": false,
        "reportFilename": "mochawesome",
        "saveHtml": true,
        "saveJson": true,
        "consoleReporter": "spec",
        "useInlineDiffs": false,
        "code": true
      },
      "version": "7.1.3"
    },
    "marge": {
      "options": null,
      "version": "6.2.0"
    }
  }
}